  main.cpp
C:\Users\sangsu\Desktop\git\noonchi-piano-rep\OpenCV_PJT\main.cpp(273,41): warning C4244: '인수': '_Tp'에서 '_Tp'(으)로 변환하면서 데이터가 손실될 수 있습니다.
          with
          [
              _Tp=double
          ]
          and
          [
              _Tp=int
          ]
C:\Users\sangsu\Desktop\git\noonchi-piano-rep\OpenCV_PJT\main.cpp(273,86): warning C4244: '인수': '_Tp'에서 '_Tp'(으)로 변환하면서 데이터가 손실될 수 있습니다.
          with
          [
              _Tp=double
          ]
          and
          [
              _Tp=int
          ]
C:\Users\sangsu\Desktop\git\noonchi-piano-rep\OpenCV_PJT\main.cpp(273,133): warning C4244: '인수': '_Tp'에서 '_Tp'(으)로 변환하면서 데이터가 손실될 수 있습니다.
          with
          [
              _Tp=double
          ]
          and
          [
              _Tp=int
          ]
C:\Users\sangsu\Desktop\git\noonchi-piano-rep\OpenCV_PJT\main.cpp(276,39): warning C4244: '인수': '_Tp'에서 '_Tp'(으)로 변환하면서 데이터가 손실될 수 있습니다.
          with
          [
              _Tp=double
          ]
          and
          [
              _Tp=int
          ]
C:\Users\sangsu\Desktop\git\noonchi-piano-rep\OpenCV_PJT\main.cpp(277,39): warning C4244: '인수': '_Tp'에서 '_Tp'(으)로 변환하면서 데이터가 손실될 수 있습니다.
          with
          [
              _Tp=double
          ]
          and
          [
              _Tp=int
          ]
C:\Users\sangsu\Desktop\git\noonchi-piano-rep\OpenCV_PJT\main.cpp(278,39): warning C4244: '인수': '_Tp'에서 '_Tp'(으)로 변환하면서 데이터가 손실될 수 있습니다.
          with
          [
              _Tp=double
          ]
          and
          [
              _Tp=int
          ]
C:\Users\sangsu\Desktop\git\noonchi-piano-rep\OpenCV_PJT\main.cpp(284,48): warning C4244: '인수': '_Tp'에서 '_Tp'(으)로 변환하면서 데이터가 손실될 수 있습니다.
          with
          [
              _Tp=double
          ]
          and
          [
              _Tp=int
          ]
C:\Users\sangsu\Desktop\git\noonchi-piano-rep\OpenCV_PJT\main.cpp(284,109): warning C4244: '인수': '_Tp'에서 '_Tp'(으)로 변환하면서 데이터가 손실될 수 있습니다.
          with
          [
              _Tp=double
          ]
          and
          [
              _Tp=int
          ]
C:\Users\sangsu\Desktop\git\noonchi-piano-rep\OpenCV_PJT\main.cpp(284,175): warning C4244: '인수': '_Tp'에서 '_Tp'(으)로 변환하면서 데이터가 손실될 수 있습니다.
          with
          [
              _Tp=double
          ]
          and
          [
              _Tp=int
          ]
C:\Users\sangsu\Desktop\git\noonchi-piano-rep\OpenCV_PJT\main.cpp(288,43): warning C4244: '인수': '_Tp'에서 '_Tp'(으)로 변환하면서 데이터가 손실될 수 있습니다.
          with
          [
              _Tp=double
          ]
          and
          [
              _Tp=int
          ]
C:\Users\sangsu\Desktop\git\noonchi-piano-rep\OpenCV_PJT\main.cpp(289,43): warning C4244: '인수': '_Tp'에서 '_Tp'(으)로 변환하면서 데이터가 손실될 수 있습니다.
          with
          [
              _Tp=double
          ]
          and
          [
              _Tp=int
          ]
C:\Users\sangsu\Desktop\git\noonchi-piano-rep\OpenCV_PJT\main.cpp(290,43): warning C4244: '인수': '_Tp'에서 '_Tp'(으)로 변환하면서 데이터가 손실될 수 있습니다.
          with
          [
              _Tp=double
          ]
          and
          [
              _Tp=int
          ]
C:\Users\sangsu\Desktop\git\noonchi-piano-rep\OpenCV_PJT\main.cpp(299,49): warning C4244: '인수': '_Tp'에서 '_Tp'(으)로 변환하면서 데이터가 손실될 수 있습니다.
          with
          [
              _Tp=double
          ]
          and
          [
              _Tp=int
          ]
C:\Users\sangsu\Desktop\git\noonchi-piano-rep\OpenCV_PJT\main.cpp(299,110): warning C4244: '인수': '_Tp'에서 '_Tp'(으)로 변환하면서 데이터가 손실될 수 있습니다.
          with
          [
              _Tp=double
          ]
          and
          [
              _Tp=int
          ]
C:\Users\sangsu\Desktop\git\noonchi-piano-rep\OpenCV_PJT\main.cpp(299,175): warning C4244: '인수': '_Tp'에서 '_Tp'(으)로 변환하면서 데이터가 손실될 수 있습니다.
          with
          [
              _Tp=double
          ]
          and
          [
              _Tp=int
          ]
C:\Users\sangsu\Desktop\git\noonchi-piano-rep\OpenCV_PJT\main.cpp(302,43): warning C4244: '인수': '_Tp'에서 '_Tp'(으)로 변환하면서 데이터가 손실될 수 있습니다.
          with
          [
              _Tp=double
          ]
          and
          [
              _Tp=int
          ]
C:\Users\sangsu\Desktop\git\noonchi-piano-rep\OpenCV_PJT\main.cpp(303,43): warning C4244: '인수': '_Tp'에서 '_Tp'(으)로 변환하면서 데이터가 손실될 수 있습니다.
          with
          [
              _Tp=double
          ]
          and
          [
              _Tp=int
          ]
C:\Users\sangsu\Desktop\git\noonchi-piano-rep\OpenCV_PJT\main.cpp(304,43): warning C4244: '인수': '_Tp'에서 '_Tp'(으)로 변환하면서 데이터가 손실될 수 있습니다.
          with
          [
              _Tp=double
          ]
          and
          [
              _Tp=int
          ]
C:\Users\sangsu\Desktop\git\noonchi-piano-rep\OpenCV_PJT\main.cpp(323,46): warning C4244: '인수': '_Tp'에서 '_Tp'(으)로 변환하면서 데이터가 손실될 수 있습니다.
          with
          [
              _Tp=double
          ]
          and
          [
              _Tp=int
          ]
C:\Users\sangsu\Desktop\git\noonchi-piano-rep\OpenCV_PJT\main.cpp(323,74): warning C4244: '인수': '_Tp'에서 '_Tp'(으)로 변환하면서 데이터가 손실될 수 있습니다.
          with
          [
              _Tp=double
          ]
          and
          [
              _Tp=int
          ]
C:\Users\sangsu\Desktop\git\noonchi-piano-rep\OpenCV_PJT\main.cpp(330,46): warning C4244: '인수': '_Tp'에서 '_Tp'(으)로 변환하면서 데이터가 손실될 수 있습니다.
          with
          [
              _Tp=double
          ]
          and
          [
              _Tp=int
          ]
C:\Users\sangsu\Desktop\git\noonchi-piano-rep\OpenCV_PJT\main.cpp(330,74): warning C4244: '인수': '_Tp'에서 '_Tp'(으)로 변환하면서 데이터가 손실될 수 있습니다.
          with
          [
              _Tp=double
          ]
          and
          [
              _Tp=int
          ]
C:\Users\sangsu\Desktop\git\noonchi-piano-rep\OpenCV_PJT\main.cpp(337,46): warning C4244: '인수': '_Tp'에서 '_Tp'(으)로 변환하면서 데이터가 손실될 수 있습니다.
          with
          [
              _Tp=double
          ]
          and
          [
              _Tp=int
          ]
C:\Users\sangsu\Desktop\git\noonchi-piano-rep\OpenCV_PJT\main.cpp(337,74): warning C4244: '인수': '_Tp'에서 '_Tp'(으)로 변환하면서 데이터가 손실될 수 있습니다.
          with
          [
              _Tp=double
          ]
          and
          [
              _Tp=int
          ]
  OpenCV_PJT.vcxproj -> C:\Users\sangsu\Desktop\git\noonchi-piano-rep\OpenCV_PJT\x64\Debug\OpenCV_PJT.exe
